<?xml version="1.0" encoding="UTF-8"?>
<!-- Generated by org.testng.reporters.JUnitReportReporter -->
<testsuite hostname="DESKTOP-O205M75" failures="0" tests="1" name="Macys.com.macysSelenium.MacysAutomateTest" time="49.566" errors="0" timestamp="2023-08-30T18:10:20 NPT" skipped="0">
  <testcase classname="Macys.com.macysSelenium.MacysAutomateTest" name="macyTestCases" time="49.566"/>
  <system-out/>
</testsuite> <!-- Macys.com.macysSelenium.MacysAutomateTest -->
