<?xml version="1.0" encoding="UTF-8"?>
<!-- Generated by org.testng.reporters.JUnitReportReporter -->
<testsuite hostname="DESKTOP-O205M75" failures="0" tests="1" name="Verisk_Assesment.verisk_selenium_assesment.DarazAutomateTest" time="222.274" errors="0" timestamp="2023-08-27T12:22:48 NPT" skipped="0">
  <testcase classname="Verisk_Assesment.verisk_selenium_assesment.DarazAutomateTest" name="darazTestCases" time="222.274"/>
  <system-out/>
</testsuite> <!-- Verisk_Assesment.verisk_selenium_assesment.DarazAutomateTest -->
